**********************
Windows PowerShell transcript start
Start time: 20161202111512
Username: GOKEVIN8-PS01\install
RunAs User: GOKEVIN8-PS01\install
Machine: GOKEVIN8-PS01 (Microsoft Windows NT 10.0.14393.0)
Host Application: C:\Windows\System32\WindowsPowerShell\v1.0\powershell.exe -NoExit -Command Import-Module MSOnline
Process ID: 6404
PSVersion: 5.1.14393.206
PSEdition: Desktop
PSCompatibleVersions: 1.0, 2.0, 3.0, 4.0, 5.0, 5.1.14393.206
BuildVersion: 10.0.14393.206
CLRVersion: 4.0.30319.42000
WSManStackVersion: 3.0
PSRemotingProtocolVersion: 2.3
SerializationVersion: 1.1.0.1
**********************
Transcript started, output file is AzureBuildout-Transaction.log
info: checking if session is authenticated...
info: requesting new credentials...
info: session context is: kevin@thenext.net
info: Retrieved  rows for processing
You cannot call a method on a null-valued expression.
At C:\scripts\git\Azure\Kevin\AzureBuildOut_Version_1.0.ps1:344 char:21
+ ...             $StTemplateuri  = $stTemplateTemp.PrimaryEndpoints.Blob.T ...
+                 ~~~~~~~~~~~~~~~~~~~~~~~~~~~~~~~~~~~~~~~~~~~~~~~~~~~~~~~~~
    + CategoryInfo          : InvalidOperation: (:) [], RuntimeException
    + FullyQualifiedErrorId : InvokeMethodOnNull
You cannot call a method on a null-valued expression.
At C:\scripts\git\Azure\Kevin\AzureBuildOut_Version_1.0.ps1:344 char:21
+ ...             $StTemplateuri  = $stTemplateTemp.PrimaryEndpoints.Blob.T ...
+                 ~~~~~~~~~~~~~~~~~~~~~~~~~~~~~~~~~~~~~~~~~~~~~~~~~~~~~~~~~
    + CategoryInfo          : InvalidOperation: (:) [], RuntimeException
    + FullyQualifiedErrorId : InvokeMethodOnNull

>> TerminatingError(Get-AzureRmStorageAccount): "Cannot validate argument on parameter 'ResourceGroupName'. The argument is null or empty. Provide an argument that is not null or empty, and then try the command again."
Get-AzureRmStorageAccount : Cannot validate argument on parameter 'ResourceGroupName'. The argument is null or empty. 
Provide an argument that is not null or empty, and then try the command again.
At C:\scripts\git\Azure\Kevin\AzureBuildOut_Version_1.0.ps1:345 char:85
+ ... ext = (Get-AzureRmStorageAccount -ResourceGroupName $SourceRG -Name $ ...
+                                                         ~~~~~~~~~
    + CategoryInfo          : InvalidData: (:) [Get-AzureRmStorageAccount], ParameterBindingValidationException
    + FullyQualifiedErrorId : 
ParameterArgumentValidationError,Microsoft.Azure.Commands.Management.Storage.GetAzureStorageAccountCommand
Get-AzureRmStorageAccount : Cannot validate argument on parameter 'ResourceGroupName'. The argument is null or empty.
Provide an argument that is not null or empty, and then try the command again.
At C:\scripts\git\Azure\Kevin\AzureBuildOut_Version_1.0.ps1:345 char:85
+ ... ext = (Get-AzureRmStorageAccount -ResourceGroupName $SourceRG -Name $ ...
+                                                         ~~~~~~~~~
    + CategoryInfo          : InvalidData: (:) [Get-AzureRmStorageAccount], ParameterBindingValidationException
    + FullyQualifiedErrorId : ParameterArgumentValidationError,Microsoft.Azure.Commands.Management.Storage.GetAzureSto
   rageAccountCommand

PS>TerminatingError(Get-AzureStorageBlob): "Could not get the storage context.  Please pass in a storage context or set the current storage context."
Get-AzureStorageBlob : Could not get the storage context.  Please pass in a storage context or set the current storage 
context.
At C:\scripts\git\Azure\Kevin\AzureBuildOut_Version_1.0.ps1:353 char:50
+ ... D  = [bool](Get-AzureStorageBlob -Context $StorageContext -Container  ...
+                 ~~~~~~~~~~~~~~~~~~~~~~~~~~~~~~~~~~~~~~~~~~~~~~~~~~~~~~~~~
    + CategoryInfo          : CloseError: (:) [Get-AzureStorageBlob], InvalidOperationException
    + FullyQualifiedErrorId : 
InvalidOperationException,Microsoft.WindowsAzure.Commands.Storage.Blob.Cmdlet.GetAzureStorageBlobCommand
Get-AzureStorageBlob : Could not get the storage context.  Please pass in a storage context or set the current storage
context.
At C:\scripts\git\Azure\Kevin\AzureBuildOut_Version_1.0.ps1:353 char:50
+ ... D  = [bool](Get-AzureStorageBlob -Context $StorageContext -Container  ...
+                 ~~~~~~~~~~~~~~~~~~~~~~~~~~~~~~~~~~~~~~~~~~~~~~~~~~~~~~~~~
    + CategoryInfo          : CloseError: (:) [Get-AzureStorageBlob], InvalidOperationException
    + FullyQualifiedErrorId : InvalidOperationException,Microsoft.WindowsAzure.Commands.Storage.Blob.Cmdlet.GetAzureSt
   orageBlobCommand

Error: Source image not found (.vhd): Azure_disk_1.vhd
info: Finished!!! Runtime was 0.56 minutes
**********************
Windows PowerShell transcript end
End time: 20161202111546
**********************
